docker : WARNING: 
You are currently 
using Node.js 
v18.20.8, which is 
not supported by 
Hardhat. This can 
lead to unexpected 
behavior. See https:/
/v2.hardhat.org/nodej
s-versions
At line:1 char:1
+ docker logs 
mytoken-backend-1 
2>&1 | Out-File 
-FilePath 
backend_deplo ...
+ ~~~~~~~~~~~~~~~~~~~
~~~~~~~~~~~~~~~
    + CategoryInfo   
           : NotSpe  
  cified: (WARNING   
 : You ar...nodej    
s-versions:Strin    
g) [], RemoteExc    
eption
    + FullyQualified 
   ErrorId : Native  
  CommandError
 

WARNING: You are 
currently using 
Node.js v18.20.8, 
which is not 
supported by 
Hardhat. This can 
lead to unexpected 
behavior. See https:/
/v2.hardhat.org/nodej
s-versions

Downloading compiler 0.8.20


Compiled 10 Solidity files successfully (evm target: paris).
An unexpected error 
occurred:

Compiled 10 Solidity files successfully (evm target: paris).
SyntaxError: /app/art
ifacts/@openzeppelin/
contracts/interfaces/
draft-IERC6093.sol/IE
RC721Errors.dbg.json:
 Unexpected end of 
JSON input
    at JSON.parse 
(<anonymous>)
    at /app/node_modu
les/hardhat/node_modu
les/jsonfile/index.js
:33:18
    at /app/node_modu
les/graceful-fs/grace
ful-fs.js:123:16
    at FSReqCallback.
readFileAfterClose 
[as oncomplete] (node
:internal/fs/read_fil
e_context:68:3)
HardhatError: HH108: 
Cannot connect to 
the network 
localhost.
Please make sure 
your node is 
running, and check 
your internet 
connection and 
networks config
    at HttpProvider._
fetchJsonRpcResponse 
(/app/node_modules/ha
rdhat/src/internal/co
re/providers/http.ts:
249:15)
    at processTicksAn
dRejections (node:int
ernal/process/task_qu
eues:95:5)
    at 
HttpProvider.request 
(/app/node_modules/ha
rdhat/src/internal/co
re/providers/http.ts:
104:29)
    at ChainIdValidat
orProvider._getChainI
dFromEthNetVersion (/
app/node_modules/hard
hat/src/internal/core
/providers/chainId.ts
:33:17)
    at ChainIdValidat
orProvider._getChainI
d (/app/node_modules/
hardhat/src/internal/
core/providers/chainI
d.ts:17:25)
    at ChainIdValidat
orProvider.request (/
app/node_modules/hard
hat/src/internal/core
/providers/chainId.ts
:56:29)
    at getSigners (/a
pp/node_modules/@nomi
cfoundation/hardhat-e
thers/src/internal/he
lpers.ts:46:16)
    at getContractFac
toryByAbiAndBytecode 
(/app/node_modules/@n
omicfoundation/hardha
t-ethers/src/internal
/helpers.ts:318:21)
    at 
deployContract (/app/
node_modules/@nomicfo
undation/hardhat-ethe
rs/src/internal/helpe
rs.ts:397:19)
    at main (/app/scr
ipts/deploy.js:7:19)

    Caused by: 
Error: connect 
ECONNREFUSED 
0.0.0.0:8545
        at TCPConnect
Wrap.afterConnect 
[as oncomplete] 
(node:net:1555:16)
WARNING: You are 
currently using 
Node.js v18.20.8, 
which is not 
supported by 
Hardhat. This can 
lead to unexpected 
behavior. See https:/
/v2.hardhat.org/nodej
s-versions

WARNING: You are 
currently using 
Node.js v18.20.8, 
which is not 
supported by 
Hardhat. This can 
lead to unexpected 
behavior. See https:/
/v2.hardhat.org/nodej
s-versions

Nothing to compile


Started HTTP and WebSocket JSON-RPC server at http://0.0.0.0:8545/

Accounts
========

WARNING: These accounts, and their private keys, are publicly known.
Any funds sent to them on Mainnet or any other live network WILL BE LOST.

Account #0: 0xf39Fd6e51aad88F6F4ce6aB8827279cffFb92266 (10000 ETH)
Private Key: 0xac0974bec39a17e36ba4a6b4d238ff944bacb478cbed5efcae784d7bf4f2ff80

Account #1: 0x70997970C51812dc3A010C7d01b50e0d17dc79C8 (10000 ETH)
Private Key: 0x59c6995e998f97a5a0044966f0945389dc9e86dae88c7a8412f4603b6b78690d

Account #2: 0x3C44CdDdB6a900fa2b585dd299e03d12FA4293BC (10000 ETH)
Private Key: 0x5de4111afa1a4b94908f83103eb1f1706367c2e68ca870fc3fb9a804cdab365a

Account #3: 0x90F79bf6EB2c4f870365E785982E1f101E93b906 (10000 ETH)
Private Key: 0x7c852118294e51e653712a81e05800f419141751be58f605c371e15141b007a6

Account #4: 0x15d34AAf54267DB7D7c367839AAf71A00a2C6A65 (10000 ETH)
Private Key: 0x47e179ec197488593b187f80a00eb0da91f1b9d0b13f8733639f19c30a34926a

Account #5: 0x9965507D1a55bcC2695C58ba16FB37d819B0A4dc (10000 ETH)
Private Key: 0x8b3a350cf5c34c9194ca85829a2df0ec3153be0318b5e2d3348e872092edffba

Account #6: 0x976EA74026E726554dB657fA54763abd0C3a0aa9 (10000 ETH)
Private Key: 0x92db14e403b83dfe3df233f83dfa3a0d7096f21ca9b0d6d6b8d88b2b4ec1564e

Account #7: 0x14dC79964da2C08b23698B3D3cc7Ca32193d9955 (10000 ETH)
Private Key: 0x4bbbf85ce3377467afe5d46f804f221813b2bb87f24d81f60f1fcdbf7cbf4356

Account #8: 0x23618e81E3f5cdF7f54C3d65f7FBc0aBf5B21E8f (10000 ETH)
Private Key: 0xdbda1821b80551c9d65939329250298aa3472ba22feea921c0cf5d620ea67b97

Account #9: 0xa0Ee7A142d267C1f36714E4a8F75612F20a79720 (10000 ETH)
Private Key: 0x2a871d0798f97d79848a013d4936a73bf4cc922c825d33c1cf7073dff6d409c6

Account #10: 0xBcd4042DE499D14e55001CcbB24a551F3b954096 (10000 ETH)
Private Key: 0xf214f2b2cd398c806f84e317254e0f0b801d0643303237d97a22a48e01628897

Account #11: 0x71bE63f3384f5fb98995898A86B02Fb2426c5788 (10000 ETH)
Private Key: 0x701b615bbdfb9de65240bc28bd21bbc0d996645a3dd57e7b12bc2bdf6f192c82

Account #12: 0xFABB0ac9d68B0B445fB7357272Ff202C5651694a (10000 ETH)
Private Key: 0xa267530f49f8280200edf313ee7af6b827f2a8bce2897751d06a843f644967b1

Account #13: 0x1CBd3b2770909D4e10f157cABC84C7264073C9Ec (10000 ETH)
Private Key: 0x47c99abed3324a2707c28affff1267e45918ec8c3f20b8aa892e8b065d2942dd

Account #14: 0xdF3e18d64BC6A983f673Ab319CCaE4f1a57C7097 (10000 ETH)
Private Key: 0xc526ee95bf44d8fc405a158bb884d9d1238d99f0612e9f33d006bb0789009aaa

Account #15: 0xcd3B766CCDd6AE721141F452C550Ca635964ce71 (10000 ETH)
Private Key: 0x8166f546bab6da521a8369cab06c5d2b9e46670292d85c875ee9ec20e84ffb61

Account #16: 0x2546BcD3c84621e976D8185a91A922aE77ECEc30 (10000 ETH)
Private Key: 0xea6c44ac03bff858b476bba40716402b03e41b8e97e276d1baec7c37d42484a0

Account #17: 0xbDA5747bFD65F08deb54cb465eB87D40e51B197E (10000 ETH)
Private Key: 0x689af8efa8c651a91ad287602527f3af2fe9f6501a7ac4b061667b5a93e037fd

Account #18: 0xdD2FD4581271e230360230F9337D5c0430Bf44C0 (10000 ETH)
Private Key: 0xde9be858da4a475276426320d5e9262ecfc3ba460bfac56360bfa6c4c28b4ee0

Account #19: 0x8626f6940E2eb28930eFb4CeF49B2d1F2C9C1199 (10000 ETH)
Private Key: 0xdf57089febbacf7ba0bc227dafbffa9fc08a93fdc68e1e42411a14efcf23656e

WARNING: These accounts, and their private keys, are publicly known.
Any funds sent to them on Mainnet or any other live network WILL BE LOST.

WARNING: You are 
currently using 
Node.js v18.20.8, 
which is not 
supported by 
Hardhat. This can 
lead to unexpected 
behavior. See https:/
/v2.hardhat.org/nodej
s-versions


[32meth_chainId[0m
[32meth_accounts[0m
[32mhardhat_metadata[0m
[32mhardhat_metadata (2)[0m
[32mhardhat_metadata (3)[0m
[32mhardhat_metadata (4)[0m
[32mhardhat_metadata (5)[0m
[32mhardhat_metadata (6)[0m
[32mhardhat_metadata (7)[0m
[32mhardhat_metadata (8)[0m
[32mhardhat_metadata (9)[0m
[32mhardhat_metadata (10)[0m
[32mhardhat_metadata (11)[0m
[32mhardhat_metadata (12)[0m
[32mhardhat_metadata (13)[0m
[32mhardhat_metadata (14)[0m
[32mhardhat_metadata (15)[0m
[32mhardhat_metadata (16)[0m
[32mhardhat_metadata (17)[0m
[32mhardhat_metadata (18)[0m
[32mhardhat_metadata (19)[0m
[32mhardhat_metadata (20)[0m
[32meth_blockNumber[0m
[32meth_getBlockByNumber[0m
[32meth_feeHistory[0m
[32meth_maxPriorityFeePerGas[0m
[32meth_sendTransaction[0m
  Contract deployment: FaucetToken
  Contract address:    0x5fbdb2315678afecb367f032d93f642f64180aa3
  Transaction:         0xe33a753ef24a12db7c822c5c2d43b89682fb4f15ba6c30699bc753f5d32b0f36
  From:                0xf39fd6e51aad88f6f4ce6ab8827279cfffb92266
  Value:               0 ETH
  Gas used:            1325622 of 16777216
  Block #1:            0x75a71800c893d923bf211e35c6ebd065dcac9ac46b567004323d964ca7ee005c

[32meth_getTransactionByHash[0m
[32meth_getTransactionReceipt[0m
Token deployed to: 0x5FbDB2315678afecb367f032d93F642f64180aa3
[32meth_accounts[0m
[32mhardhat_metadata[0m
[32mhardhat_metadata (2)[0m
[32mhardhat_metadata (3)[0m
[32mhardhat_metadata (4)[0m
[32mhardhat_metadata (5)[0m
[32mhardhat_metadata (6)[0m
[32mhardhat_metadata (7)[0m
[32mhardhat_metadata (8)[0m
[32mhardhat_metadata (9)[0m
[32mhardhat_metadata (10)[0m
[32mhardhat_metadata (11)[0m
[32mhardhat_metadata (12)[0m
[32mhardhat_metadata (13)[0m
[32mhardhat_metadata (14)[0m
[32mhardhat_metadata (15)[0m
[32mhardhat_metadata (16)[0m
[32mhardhat_metadata (17)[0m
[32mhardhat_metadata (18)[0m
[32mhardhat_metadata (19)[0m
[32mhardhat_metadata (20)[0m
[32meth_blockNumber[0m
[32meth_feeHistory[0m
[32meth_sendTransaction[0m
  Contract deployment: TokenFaucet
  Contract address:    0xe7f1725e7734ce288f8367e1bb143e90bb3f0512
  Transaction:         0x6bce5ca04ff3dc232aa9d866365173ad7c183b54de924590548957591d3f4a4c
  From:                0xf39fd6e51aad88f6f4ce6ab8827279cfffb92266
  Value:               0 ETH
  Gas used:            897941 of 16777216
  Block #2:            0x9f0ac0a027b4447d83598a7340a1b12f6fd2ba43ebaf879b80f5f8932456fb81

[32meth_getTransactionByHash[0m
[32meth_getTransactionReceipt[0m
Faucet deployed to: 0xe7f1725E7734CE288F8367e1Bb143E90bb3F0512
[32meth_blockNumber[0m
[32meth_feeHistory[0m
[32meth_sendTransaction[0m
  Contract call:       FaucetToken#setMinter
  Transaction:         0x64a4143f5f946c6038809ea2cd02e32f84a75d1c31a04947943c13e9412086f6
  From:                0xf39fd6e51aad88f6f4ce6ab8827279cfffb92266
  To:                  0x5fbdb2315678afecb367f032d93f642f64180aa3
  Value:               0 ETH
  Gas used:            46406 of 16777216
  Block #3:            0xf2adedcd1399d690b08ce43228cadde28a833da85e5de13bfcdfc9fcfeb4cb0b

[32meth_getTransactionByHash[0m
[32meth_getTransactionReceipt[0m
Set Faucet as Minter
Addresses saved to frontend/src/addresses.json
